<?xml version="1.0" encoding="UTF-8" ?>
<testsuite errors="0" failures="0" hostname="osxmbp" name="jtraffic.LevelControllerTest" tests="1" time="0.079" timestamp="2009-04-21T09:29:34">
  <properties>
    <property name="java.runtime.name" value="Java(TM) SE Runtime Environment" />
    <property name="sun.boot.library.path" value="C:\Program Files\Java\jdk1.6.0_12\jre\bin" />
    <property name="java.vm.version" value="11.2-b01" />
    <property name="java.vm.vendor" value="Sun Microsystems Inc." />
    <property name="java.vendor.url" value="http://java.sun.com/" />
    <property name="path.separator" value=";" />
    <property name="java.vm.name" value="Java HotSpot(TM) 64-Bit Server VM" />
    <property name="file.encoding.pkg" value="sun.io" />
    <property name="user.country" value="BE" />
    <property name="sun.java.launcher" value="SUN_STANDARD" />
    <property name="sun.os.patch.level" value="" />
    <property name="java.vm.specification.name" value="Java Virtual Machine Specification" />
    <property name="user.dir" value="C:\Users\bloodsplatter\Documents\Netbeans\jtraffic\trunk\jtraffic" />
    <property name="java.runtime.version" value="1.6.0_12-b04" />
    <property name="java.awt.graphicsenv" value="sun.awt.Win32GraphicsEnvironment" />
    <property name="java.endorsed.dirs" value="C:\Program Files\Java\jdk1.6.0_12\jre\lib\endorsed" />
    <property name="os.arch" value="amd64" />
    <property name="java.io.tmpdir" value="C:\Users\BLOODS~1\AppData\Local\Temp\" />
    <property name="line.separator" value="
" />
    <property name="java.vm.specification.vendor" value="Sun Microsystems Inc." />
    <property name="user.variant" value="" />
    <property name="os.name" value="Windows Vista" />
    <property name="sun.jnu.encoding" value="Cp1252" />
    <property name="java.library.path" value="C:\Program Files\Java\jdk1.6.0_12\bin;.;C:\Windows\Sun\Java\bin;C:\Windows\system32;C:\Windows;C:\Program Files (x86)\MiKTeX 2.7\miktex\bin;C:\Program Files (x86)\CollabNet Subversion Client;C:\Windows\system32;C:\Windows;C:\Windows\System32\Wbem;C:\Windows\System32\WindowsPowerShell\v1.0\;C:\Program Files (x86)\QuickTime\QTSystem\;C:\Program Files\TortoiseSVN\bin;C:\Program Files (x86)\Common Files\Autodesk Shared\;C:\Program Files (x86)\VoiceAge\Common;C:\Program Files (x86)\Java\jdk1.6.0_12\bin;;C:\Program Files (x86)\Common Files\DivX Shared\;C:\Program Files (x86)\Liquid Technologies\Liquid XML Studio 2009\XmlDataBinder7\Redist7\cpp\win32\bin;C:\Program Files (x86)\Microsoft Giano\bin64\;C:\Program Files (x86)\Microsoft Giano\bin\" />
    <property name="java.specification.name" value="Java Platform API Specification" />
    <property name="java.class.version" value="50.0" />
    <property name="sun.management.compiler" value="HotSpot 64-Bit Server Compiler" />
    <property name="os.version" value="6.1" />
    <property name="user.home" value="C:\Users\bloodsplatter" />
    <property name="user.timezone" value="" />
    <property name="java.awt.printerjob" value="sun.awt.windows.WPrinterJob" />
    <property name="file.encoding" value="Cp1252" />
    <property name="java.specification.version" value="1.6" />
    <property name="user.name" value="bloodsplatter" />
    <property name="java.class.path" value="C:\Program Files (x86)\NetBeans 6.5\java2\ant\patches\72080.jar;C:\Program Files (x86)\NetBeans 6.5\java2\ant\patches\ant-42275.jar;C:\Program Files (x86)\NetBeans 6.5\java2\ant\lib\ant.jar;C:\Program Files (x86)\NetBeans 6.5\java2\ant\lib\ant-junit.jar;C:\Users\bloodsplatter\Documents\Netbeans\jtraffic\trunk\jtraffic\build\classes;C:\Users\bloodsplatter\Documents\Netbeans\jtraffic\trunk\jtraffic\src;C:\Program Files (x86)\NetBeans 6.5\platform9\modules\ext\junit-4.5.jar;C:\Users\bloodsplatter\Documents\Netbeans\jtraffic\trunk\jtraffic\build\test\classes;C:\Users\bloodsplatter\Documents\Netbeans\jtraffic\trunk\jtraffic\test" />
    <property name="java.vm.specification.version" value="1.0" />
    <property name="sun.arch.data.model" value="64" />
    <property name="java.home" value="C:\Program Files\Java\jdk1.6.0_12\jre" />
    <property name="java.specification.vendor" value="Sun Microsystems Inc." />
    <property name="user.language" value="nl" />
    <property name="awt.toolkit" value="sun.awt.windows.WToolkit" />
    <property name="java.vm.info" value="mixed mode" />
    <property name="java.version" value="1.6.0_12" />
    <property name="java.ext.dirs" value="C:\Program Files\Java\jdk1.6.0_12\jre\lib\ext;C:\Windows\Sun\Java\lib\ext" />
    <property name="sun.boot.class.path" value="C:\Program Files\Java\jdk1.6.0_12\jre\lib\resources.jar;C:\Program Files\Java\jdk1.6.0_12\jre\lib\rt.jar;C:\Program Files\Java\jdk1.6.0_12\jre\lib\sunrsasign.jar;C:\Program Files\Java\jdk1.6.0_12\jre\lib\jsse.jar;C:\Program Files\Java\jdk1.6.0_12\jre\lib\jce.jar;C:\Program Files\Java\jdk1.6.0_12\jre\lib\charsets.jar;C:\Program Files\Java\jdk1.6.0_12\jre\classes" />
    <property name="java.vendor" value="Sun Microsystems Inc." />
    <property name="file.separator" value="\" />
    <property name="java.vendor.url.bug" value="http://java.sun.com/cgi-bin/bugreport.cgi" />
    <property name="sun.cpu.endian" value="little" />
    <property name="sun.io.unicode.encoding" value="UnicodeLittle" />
    <property name="sun.desktop" value="windows" />
    <property name="sun.cpu.isalist" value="amd64" />
  </properties>
  <testcase classname="jtraffic.LevelControllerTest" name="testGebruikersInteractie" time="0.0050" />
  <system-out><![CDATA[^[a-z]\+[udlr]$
]]></system-out>
  <system-err><![CDATA[]]></system-err>
</testsuite>
